0 info it worked if it ends with ok
1 verbose cli [ '/home/action/.parts/bin/node',
1 verbose cli   '/home/action/.parts/bin/npm',
1 verbose cli   'install',
1 verbose cli   'ng-idle' ]
2 info using npm@1.4.3
3 info using node@v0.10.26
4 verbose node symlink /home/action/.parts/bin/node
5 verbose readDependencies using package.json deps
6 verbose cache add [ 'ng-idle', null ]
7 verbose cache add name=undefined spec="ng-idle" args=["ng-idle",null]
8 verbose parsed url { protocol: null,
8 verbose parsed url   slashes: null,
8 verbose parsed url   auth: null,
8 verbose parsed url   host: null,
8 verbose parsed url   port: null,
8 verbose parsed url   hostname: null,
8 verbose parsed url   hash: null,
8 verbose parsed url   search: null,
8 verbose parsed url   query: null,
8 verbose parsed url   pathname: 'ng-idle',
8 verbose parsed url   path: 'ng-idle',
8 verbose parsed url   href: 'ng-idle' }
9 silly lockFile e673e6e1-ng-idle ng-idle
10 verbose lock ng-idle /home/action/.npm/e673e6e1-ng-idle.lock
11 silly lockFile e673e6e1-ng-idle ng-idle
12 silly lockFile e673e6e1-ng-idle ng-idle
13 verbose addNamed [ 'ng-idle', '' ]
14 verbose addNamed [ null, '*' ]
15 silly lockFile bbf8da26-ng-idle ng-idle@
16 verbose lock ng-idle@ /home/action/.npm/bbf8da26-ng-idle.lock
17 silly addNameRange { name: 'ng-idle', range: '*', hasData: false }
18 verbose url raw ng-idle
19 verbose url resolving [ 'https://registry.npmjs.org/', './ng-idle' ]
20 verbose url resolved https://registry.npmjs.org/ng-idle
21 info trying registry request attempt 1 at 04:55:56
22 http GET https://registry.npmjs.org/ng-idle
23 http 404 https://registry.npmjs.org/ng-idle
24 silly registry.get cb [ 404,
24 silly registry.get   { date: 'Mon, 13 Oct 2014 04:55:57 GMT',
24 silly registry.get     server: 'CouchDB/1.5.0 (Erlang OTP/R16B03)',
24 silly registry.get     'content-type': 'application/json',
24 silly registry.get     'cache-control': 'max-age=0',
24 silly registry.get     'content-length': '52',
24 silly registry.get     'accept-ranges': 'bytes',
24 silly registry.get     via: '1.1 varnish',
24 silly registry.get     age: '0',
24 silly registry.get     'x-served-by': 'cache-atl6224-ATL',
24 silly registry.get     'x-cache': 'MISS',
24 silly registry.get     'x-cache-hits': '0',
24 silly registry.get     'x-timer': 'S1413176156.712278,VS0,VE312',
24 silly registry.get     'keep-alive': 'timeout=10, max=50',
24 silly registry.get     connection: 'Keep-Alive' } ]
25 silly lockFile bbf8da26-ng-idle ng-idle@
26 silly lockFile bbf8da26-ng-idle ng-idle@
27 error 404 'ng-idle' is not in the npm registry.
27 error 404 You should bug the author to publish it
27 error 404 It was specified as a dependency of 'DevQ'
27 error 404
27 error 404 Note that you can also install from a
27 error 404 tarball, folder, or http url, or git url.
28 error System Linux 3.13.4
29 error command "/home/action/.parts/bin/node" "/home/action/.parts/bin/npm" "install" "ng-idle"
30 error cwd /home/action/workspace/DevQ
31 error node -v v0.10.26
32 error npm -v 1.4.3
33 error code E404
34 verbose exit [ 1, true ]
